{"/home/lobo/dev/luislobo/sails-test-article/config/blueprints.js":{"path":"/home/lobo/dev/luislobo/sails-test-article/config/blueprints.js","s":{"1":1},"b":{},"f":{},"fnMap":{},"statementMap":{"1":{"start":{"line":26,"column":0},"end":{"line":162,"column":2}}},"branchMap":{}},"/home/lobo/dev/luislobo/sails-test-article/config/bootstrap.js":{"path":"/home/lobo/dev/luislobo/sails-test-article/config/bootstrap.js","s":{"1":1,"2":1},"b":{},"f":{"1":1},"fnMap":{"1":{"name":"(anonymous_1)","line":12,"loc":{"start":{"line":12,"column":27},"end":{"line":12,"column":40}}}},"statementMap":{"1":{"start":{"line":12,"column":0},"end":{"line":17,"column":2}},"2":{"start":{"line":16,"column":2},"end":{"line":16,"column":7}}},"branchMap":{}},"/home/lobo/dev/luislobo/sails-test-article/config/connections.js":{"path":"/home/lobo/dev/luislobo/sails-test-article/config/connections.js","s":{"1":1},"b":{},"f":{},"fnMap":{},"statementMap":{"1":{"start":{"line":22,"column":0},"end":{"line":92,"column":2}}},"branchMap":{}},"/home/lobo/dev/luislobo/sails-test-article/config/cors.js":{"path":"/home/lobo/dev/luislobo/sails-test-article/config/cors.js","s":{"1":1},"b":{},"f":{},"fnMap":{},"statementMap":{"1":{"start":{"line":29,"column":0},"end":{"line":78,"column":2}}},"branchMap":{}},"/home/lobo/dev/luislobo/sails-test-article/config/csrf.js":{"path":"/home/lobo/dev/luislobo/sails-test-article/config/csrf.js","s":{},"b":{},"f":{},"fnMap":{},"statementMap":{},"branchMap":{}},"/home/lobo/dev/luislobo/sails-test-article/config/globals.js":{"path":"/home/lobo/dev/luislobo/sails-test-article/config/globals.js","s":{"1":1},"b":{},"f":{},"fnMap":{},"statementMap":{"1":{"start":{"line":11,"column":0},"end":{"line":63,"column":2}}},"branchMap":{}},"/home/lobo/dev/luislobo/sails-test-article/config/http.js":{"path":"/home/lobo/dev/luislobo/sails-test-article/config/http.js","s":{"1":1},"b":{},"f":{},"fnMap":{},"statementMap":{"1":{"start":{"line":12,"column":0},"end":{"line":93,"column":2}}},"branchMap":{}},"/home/lobo/dev/luislobo/sails-test-article/config/i18n.js":{"path":"/home/lobo/dev/luislobo/sails-test-article/config/i18n.js","s":{"1":1},"b":{},"f":{},"fnMap":{},"statementMap":{"1":{"start":{"line":18,"column":0},"end":{"line":57,"column":2}}},"branchMap":{}},"/home/lobo/dev/luislobo/sails-test-article/config/local.js":{"path":"/home/lobo/dev/luislobo/sails-test-article/config/local.js","s":{"1":2},"b":{},"f":{},"fnMap":{},"statementMap":{"1":{"start":{"line":30,"column":0},"end":{"line":85,"column":2}}},"branchMap":{}},"/home/lobo/dev/luislobo/sails-test-article/config/log.js":{"path":"/home/lobo/dev/luislobo/sails-test-article/config/log.js","s":{"1":1},"b":{},"f":{},"fnMap":{},"statementMap":{"1":{"start":{"line":13,"column":0},"end":{"line":29,"column":2}}},"branchMap":{}},"/home/lobo/dev/luislobo/sails-test-article/config/models.js":{"path":"/home/lobo/dev/luislobo/sails-test-article/config/models.js","s":{"1":1},"b":{},"f":{},"fnMap":{},"statementMap":{"1":{"start":{"line":12,"column":0},"end":{"line":32,"column":2}}},"branchMap":{}},"/home/lobo/dev/luislobo/sails-test-article/config/policies.js":{"path":"/home/lobo/dev/luislobo/sails-test-article/config/policies.js","s":{"1":1},"b":{},"f":{},"fnMap":{},"statementMap":{"1":{"start":{"line":20,"column":0},"end":{"line":51,"column":2}}},"branchMap":{}},"/home/lobo/dev/luislobo/sails-test-article/config/routes.js":{"path":"/home/lobo/dev/luislobo/sails-test-article/config/routes.js","s":{"1":1},"b":{},"f":{},"fnMap":{},"statementMap":{"1":{"start":{"line":23,"column":0},"end":{"line":49,"column":2}}},"branchMap":{}},"/home/lobo/dev/luislobo/sails-test-article/config/session.js":{"path":"/home/lobo/dev/luislobo/sails-test-article/config/session.js","s":{"1":1},"b":{},"f":{},"fnMap":{},"statementMap":{"1":{"start":{"line":15,"column":0},"end":{"line":100,"column":2}}},"branchMap":{}},"/home/lobo/dev/luislobo/sails-test-article/config/sockets.js":{"path":"/home/lobo/dev/luislobo/sails-test-article/config/sockets.js","s":{"1":1},"b":{},"f":{},"fnMap":{},"statementMap":{"1":{"start":{"line":13,"column":0},"end":{"line":141,"column":2}}},"branchMap":{}},"/home/lobo/dev/luislobo/sails-test-article/config/views.js":{"path":"/home/lobo/dev/luislobo/sails-test-article/config/views.js","s":{"1":1},"b":{},"f":{},"fnMap":{},"statementMap":{"1":{"start":{"line":14,"column":0},"end":{"line":95,"column":2}}},"branchMap":{}},"/home/lobo/dev/luislobo/sails-test-article/config/env/development.js":{"path":"/home/lobo/dev/luislobo/sails-test-article/config/env/development.js","s":{"1":1},"b":{},"f":{},"fnMap":{},"statementMap":{"1":{"start":{"line":13,"column":0},"end":{"line":24,"column":2}}},"branchMap":{}},"/home/lobo/dev/luislobo/sails-test-article/api/services/PostService.js":{"path":"/home/lobo/dev/luislobo/sails-test-article/api/services/PostService.js","s":{"1":1,"2":2},"b":{},"f":{"1":2},"fnMap":{"1":{"name":"(anonymous_1)","line":8,"loc":{"start":{"line":8,"column":24},"end":{"line":8,"column":36}}}},"statementMap":{"1":{"start":{"line":7,"column":0},"end":{"line":13,"column":2}},"2":{"start":{"line":9,"column":4},"end":{"line":11,"column":28}}},"branchMap":{}},"/home/lobo/dev/luislobo/sails-test-article/api/models/Comment.js":{"path":"/home/lobo/dev/luislobo/sails-test-article/api/models/Comment.js","s":{"1":1},"b":{},"f":{},"fnMap":{},"statementMap":{"1":{"start":{"line":5,"column":0},"end":{"line":10,"column":2}}},"branchMap":{}},"/home/lobo/dev/luislobo/sails-test-article/api/models/Post.js":{"path":"/home/lobo/dev/luislobo/sails-test-article/api/models/Post.js","s":{"1":1},"b":{},"f":{},"fnMap":{},"statementMap":{"1":{"start":{"line":5,"column":0},"end":{"line":12,"column":2}}},"branchMap":{}},"/home/lobo/dev/luislobo/sails-test-article/api/controllers/PostController.js":{"path":"/home/lobo/dev/luislobo/sails-test-article/api/controllers/PostController.js","s":{"1":1,"2":1,"3":1},"b":{},"f":{"1":1,"2":1},"fnMap":{"1":{"name":"(anonymous_1)","line":6,"loc":{"start":{"line":6,"column":24},"end":{"line":6,"column":44}}},"2":{"name":"(anonymous_2)","line":8,"loc":{"start":{"line":8,"column":12},"end":{"line":8,"column":29}}}},"statementMap":{"1":{"start":{"line":5,"column":0},"end":{"line":13,"column":2}},"2":{"start":{"line":7,"column":4},"end":{"line":11,"column":28}},"3":{"start":{"line":9,"column":8},"end":{"line":9,"column":22}}},"branchMap":{}}}