{"/home/lobo/dev/luislobo/sails-test-article/config/blueprints.js":{"path":"/home/lobo/dev/luislobo/sails-test-article/config/blueprints.js","s":{"1":1},"b":{},"f":{},"fnMap":{},"statementMap":{"1":{"start":{"line":26,"column":0},"end":{"line":162,"column":2}}},"branchMap":{}},"/home/lobo/dev/luislobo/sails-test-article/config/bootstrap.js":{"path":"/home/lobo/dev/luislobo/sails-test-article/config/bootstrap.js","s":{"1":1,"2":1},"b":{},"f":{"1":1},"fnMap":{"1":{"name":"(anonymous_1)","line":12,"loc":{"start":{"line":12,"column":27},"end":{"line":12,"column":40}}}},"statementMap":{"1":{"start":{"line":12,"column":0},"end":{"line":17,"column":2}},"2":{"start":{"line":16,"column":2},"end":{"line":16,"column":7}}},"branchMap":{}},"/home/lobo/dev/luislobo/sails-test-article/config/connections.js":{"path":"/home/lobo/dev/luislobo/sails-test-article/config/connections.js","s":{"1":1},"b":{},"f":{},"fnMap":{},"statementMap":{"1":{"start":{"line":22,"column":0},"end":{"line":92,"column":2}}},"branchMap":{}},"/home/lobo/dev/luislobo/sails-test-article/config/cors.js":{"path":"/home/lobo/dev/luislobo/sails-test-article/config/cors.js","s":{"1":1},"b":{},"f":{},"fnMap":{},"statementMap":{"1":{"start":{"line":29,"column":0},"end":{"line":78,"column":2}}},"branchMap":{}},"/home/lobo/dev/luislobo/sails-test-article/config/csrf.js":{"path":"/home/lobo/dev/luislobo/sails-test-article/config/csrf.js","s":{},"b":{},"f":{},"fnMap":{},"statementMap":{},"branchMap":{}},"/home/lobo/dev/luislobo/sails-test-article/config/globals.js":{"path":"/home/lobo/dev/luislobo/sails-test-article/config/globals.js","s":{"1":1},"b":{},"f":{},"fnMap":{},"statementMap":{"1":{"start":{"line":11,"column":0},"end":{"line":63,"column":2}}},"branchMap":{}},"/home/lobo/dev/luislobo/sails-test-article/config/http.js":{"path":"/home/lobo/dev/luislobo/sails-test-article/config/http.js","s":{"1":1},"b":{},"f":{},"fnMap":{},"statementMap":{"1":{"start":{"line":12,"column":0},"end":{"line":93,"column":2}}},"branchMap":{}},"/home/lobo/dev/luislobo/sails-test-article/config/i18n.js":{"path":"/home/lobo/dev/luislobo/sails-test-article/config/i18n.js","s":{"1":1},"b":{},"f":{},"fnMap":{},"statementMap":{"1":{"start":{"line":18,"column":0},"end":{"line":57,"column":2}}},"branchMap":{}},"/home/lobo/dev/luislobo/sails-test-article/config/local.js":{"path":"/home/lobo/dev/luislobo/sails-test-article/config/local.js","s":{"1":2},"b":{},"f":{},"fnMap":{},"statementMap":{"1":{"start":{"line":30,"column":0},"end":{"line":85,"column":2}}},"branchMap":{}},"/home/lobo/dev/luislobo/sails-test-article/config/log.js":{"path":"/home/lobo/dev/luislobo/sails-test-article/config/log.js","s":{"1":1},"b":{},"f":{},"fnMap":{},"statementMap":{"1":{"start":{"line":13,"column":0},"end":{"line":29,"column":2}}},"branchMap":{}},"/home/lobo/dev/luislobo/sails-test-article/config/models.js":{"path":"/home/lobo/dev/luislobo/sails-test-article/config/models.js","s":{"1":1},"b":{},"f":{},"fnMap":{},"statementMap":{"1":{"start":{"line":12,"column":0},"end":{"line":32,"column":2}}},"branchMap":{}},"/home/lobo/dev/luislobo/sails-test-article/config/policies.js":{"path":"/home/lobo/dev/luislobo/sails-test-article/config/policies.js","s":{"1":1},"b":{},"f":{},"fnMap":{},"statementMap":{"1":{"start":{"line":20,"column":0},"end":{"line":51,"column":2}}},"branchMap":{}},"/home/lobo/dev/luislobo/sails-test-article/config/routes.js":{"path":"/home/lobo/dev/luislobo/sails-test-article/config/routes.js","s":{"1":1},"b":{},"f":{},"fnMap":{},"statementMap":{"1":{"start":{"line":23,"column":0},"end":{"line":49,"column":2}}},"branchMap":{}},"/home/lobo/dev/luislobo/sails-test-article/config/session.js":{"path":"/home/lobo/dev/luislobo/sails-test-article/config/session.js","s":{"1":1},"b":{},"f":{},"fnMap":{},"statementMap":{"1":{"start":{"line":15,"column":0},"end":{"line":100,"column":2}}},"branchMap":{}},"/home/lobo/dev/luislobo/sails-test-article/config/sockets.js":{"path":"/home/lobo/dev/luislobo/sails-test-article/config/sockets.js","s":{"1":1},"b":{},"f":{},"fnMap":{},"statementMap":{"1":{"start":{"line":13,"column":0},"end":{"line":141,"column":2}}},"branchMap":{}},"/home/lobo/dev/luislobo/sails-test-article/config/views.js":{"path":"/home/lobo/dev/luislobo/sails-test-article/config/views.js","s":{"1":1},"b":{},"f":{},"fnMap":{},"statementMap":{"1":{"start":{"line":14,"column":0},"end":{"line":95,"column":2}}},"branchMap":{}},"/home/lobo/dev/luislobo/sails-test-article/config/env/development.js":{"path":"/home/lobo/dev/luislobo/sails-test-article/config/env/development.js","s":{"1":1},"b":{},"f":{},"fnMap":{},"statementMap":{"1":{"start":{"line":13,"column":0},"end":{"line":24,"column":2}}},"branchMap":{}},"/home/lobo/dev/luislobo/sails-test-article/api/responses/badRequest.js":{"path":"/home/lobo/dev/luislobo/sails-test-article/api/responses/badRequest.js","s":{"1":1,"2":0,"3":0,"4":0,"5":0,"6":0,"7":0,"8":0,"9":0,"10":0,"11":0,"12":0,"13":0,"14":0,"15":0,"16":0,"17":0,"18":0,"19":0,"20":0,"21":0,"22":0},"b":{"1":[0,0],"2":[0,0],"3":[0,0],"4":[0,0],"5":[0,0],"6":[0,0],"7":[0,0],"8":[0,0],"9":[0,0],"10":[0,0]},"f":{"1":0,"2":0},"fnMap":{"1":{"name":"badRequest","line":18,"loc":{"start":{"line":18,"column":17},"end":{"line":18,"column":52}}},"2":{"name":"couldNotGuessView","line":71,"loc":{"start":{"line":71,"column":70},"end":{"line":71,"column":100}}}},"statementMap":{"1":{"start":{"line":18,"column":0},"end":{"line":75,"column":2}},"2":{"start":{"line":21,"column":2},"end":{"line":21,"column":21}},"3":{"start":{"line":22,"column":2},"end":{"line":22,"column":21}},"4":{"start":{"line":23,"column":2},"end":{"line":23,"column":25}},"5":{"start":{"line":26,"column":2},"end":{"line":26,"column":18}},"6":{"start":{"line":29,"column":2},"end":{"line":32,"column":65}},"7":{"start":{"line":30,"column":4},"end":{"line":30,"column":71}},"8":{"start":{"line":32,"column":7},"end":{"line":32,"column":65}},"9":{"start":{"line":37,"column":2},"end":{"line":39,"column":3}},"10":{"start":{"line":38,"column":4},"end":{"line":38,"column":21}},"11":{"start":{"line":43,"column":2},"end":{"line":45,"column":3}},"12":{"start":{"line":44,"column":4},"end":{"line":44,"column":27}},"13":{"start":{"line":49,"column":2},"end":{"line":49,"column":78}},"14":{"start":{"line":52,"column":2},"end":{"line":52,"column":22}},"15":{"start":{"line":53,"column":2},"end":{"line":60,"column":3}},"16":{"start":{"line":54,"column":4},"end":{"line":59,"column":5}},"17":{"start":{"line":55,"column":6},"end":{"line":55,"column":62}},"18":{"start":{"line":58,"column":6},"end":{"line":58,"column":27}},"19":{"start":{"line":65,"column":2},"end":{"line":73,"column":5}},"20":{"start":{"line":66,"column":4},"end":{"line":66,"column":76}},"21":{"start":{"line":71,"column":7},"end":{"line":73,"column":5}},"22":{"start":{"line":72,"column":4},"end":{"line":72,"column":27}}},"branchMap":{"1":{"line":29,"type":"if","locations":[{"start":{"line":29,"column":2},"end":{"line":29,"column":2}},{"start":{"line":29,"column":2},"end":{"line":29,"column":2}}]},"2":{"line":37,"type":"if","locations":[{"start":{"line":37,"column":2},"end":{"line":37,"column":2}},{"start":{"line":37,"column":2},"end":{"line":37,"column":2}}]},"3":{"line":37,"type":"binary-expr","locations":[{"start":{"line":37,"column":6},"end":{"line":37,"column":47}},{"start":{"line":37,"column":51},"end":{"line":37,"column":91}}]},"4":{"line":43,"type":"if","locations":[{"start":{"line":43,"column":2},"end":{"line":43,"column":2}},{"start":{"line":43,"column":2},"end":{"line":43,"column":2}}]},"5":{"line":43,"type":"binary-expr","locations":[{"start":{"line":43,"column":6},"end":{"line":43,"column":19}},{"start":{"line":43,"column":23},"end":{"line":43,"column":57}}]},"6":{"line":49,"type":"cond-expr","locations":[{"start":{"line":49,"column":44},"end":{"line":49,"column":61}},{"start":{"line":49,"column":64},"end":{"line":49,"column":77}}]},"7":{"line":49,"type":"binary-expr","locations":[{"start":{"line":49,"column":64},"end":{"line":49,"column":71}},{"start":{"line":49,"column":75},"end":{"line":49,"column":77}}]},"8":{"line":53,"type":"if","locations":[{"start":{"line":53,"column":2},"end":{"line":53,"column":2}},{"start":{"line":53,"column":2},"end":{"line":53,"column":2}}]},"9":{"line":53,"type":"binary-expr","locations":[{"start":{"line":53,"column":6},"end":{"line":53,"column":34}},{"start":{"line":53,"column":38},"end":{"line":53,"column":65}}]},"10":{"line":65,"type":"if","locations":[{"start":{"line":65,"column":2},"end":{"line":65,"column":2}},{"start":{"line":65,"column":2},"end":{"line":65,"column":2}}]}}},"/home/lobo/dev/luislobo/sails-test-article/api/responses/created.js":{"path":"/home/lobo/dev/luislobo/sails-test-article/api/responses/created.js","s":{"1":1,"2":1,"3":1,"4":1,"5":1,"6":1,"7":1,"8":1,"9":0,"10":0,"11":0,"12":0,"13":0,"14":0,"15":0,"16":0,"17":0,"18":0},"b":{"1":[1,0],"2":[1,0],"3":[0,0],"4":[0,0],"5":[0,0],"6":[0,0],"7":[0,0]},"f":{"1":1,"2":0},"fnMap":{"1":{"name":"created","line":14,"loc":{"start":{"line":14,"column":17},"end":{"line":14,"column":50}}},"2":{"name":"couldNotGuessView","line":56,"loc":{"start":{"line":56,"column":66},"end":{"line":56,"column":96}}}},"statementMap":{"1":{"start":{"line":14,"column":0},"end":{"line":60,"column":2}},"2":{"start":{"line":17,"column":2},"end":{"line":17,"column":21}},"3":{"start":{"line":18,"column":2},"end":{"line":18,"column":21}},"4":{"start":{"line":19,"column":2},"end":{"line":19,"column":25}},"5":{"start":{"line":21,"column":2},"end":{"line":21,"column":71}},"6":{"start":{"line":24,"column":2},"end":{"line":24,"column":18}},"7":{"start":{"line":28,"column":2},"end":{"line":30,"column":3}},"8":{"start":{"line":29,"column":4},"end":{"line":29,"column":27}},"9":{"start":{"line":34,"column":2},"end":{"line":34,"column":78}},"10":{"start":{"line":37,"column":2},"end":{"line":37,"column":22}},"11":{"start":{"line":38,"column":2},"end":{"line":45,"column":3}},"12":{"start":{"line":39,"column":4},"end":{"line":44,"column":5}},"13":{"start":{"line":40,"column":6},"end":{"line":40,"column":62}},"14":{"start":{"line":43,"column":6},"end":{"line":43,"column":27}},"15":{"start":{"line":50,"column":2},"end":{"line":58,"column":5}},"16":{"start":{"line":51,"column":4},"end":{"line":51,"column":72}},"17":{"start":{"line":56,"column":7},"end":{"line":58,"column":5}},"18":{"start":{"line":57,"column":4},"end":{"line":57,"column":27}}},"branchMap":{"1":{"line":28,"type":"if","locations":[{"start":{"line":28,"column":2},"end":{"line":28,"column":2}},{"start":{"line":28,"column":2},"end":{"line":28,"column":2}}]},"2":{"line":28,"type":"binary-expr","locations":[{"start":{"line":28,"column":6},"end":{"line":28,"column":19}},{"start":{"line":28,"column":23},"end":{"line":28,"column":57}}]},"3":{"line":34,"type":"cond-expr","locations":[{"start":{"line":34,"column":44},"end":{"line":34,"column":61}},{"start":{"line":34,"column":64},"end":{"line":34,"column":77}}]},"4":{"line":34,"type":"binary-expr","locations":[{"start":{"line":34,"column":64},"end":{"line":34,"column":71}},{"start":{"line":34,"column":75},"end":{"line":34,"column":77}}]},"5":{"line":38,"type":"if","locations":[{"start":{"line":38,"column":2},"end":{"line":38,"column":2}},{"start":{"line":38,"column":2},"end":{"line":38,"column":2}}]},"6":{"line":38,"type":"binary-expr","locations":[{"start":{"line":38,"column":6},"end":{"line":38,"column":34}},{"start":{"line":38,"column":38},"end":{"line":38,"column":65}}]},"7":{"line":50,"type":"if","locations":[{"start":{"line":50,"column":2},"end":{"line":50,"column":2}},{"start":{"line":50,"column":2},"end":{"line":50,"column":2}}]}}},"/home/lobo/dev/luislobo/sails-test-article/api/responses/forbidden.js":{"path":"/home/lobo/dev/luislobo/sails-test-article/api/responses/forbidden.js","s":{"1":1,"2":0,"3":0,"4":0,"5":0,"6":0,"7":0,"8":0,"9":0,"10":0,"11":0,"12":0,"13":0,"14":0,"15":0,"16":0,"17":0,"18":0,"19":0,"20":0,"21":0,"22":0,"23":0,"24":0,"25":0,"26":0,"27":0},"b":{"1":[0,0],"2":[0,0],"3":[0,0],"4":[0,0],"5":[0,0],"6":[0,0],"7":[0,0],"8":[0,0],"9":[0,0],"10":[0,0],"11":[0,0],"12":[0,0]},"f":{"1":0,"2":0},"fnMap":{"1":{"name":"forbidden","line":15,"loc":{"start":{"line":15,"column":17},"end":{"line":15,"column":52}}},"2":{"name":"(anonymous_2)","line":68,"loc":{"start":{"line":68,"column":70},"end":{"line":68,"column":91}}}},"statementMap":{"1":{"start":{"line":15,"column":0},"end":{"line":88,"column":2}},"2":{"start":{"line":18,"column":2},"end":{"line":18,"column":21}},"3":{"start":{"line":19,"column":2},"end":{"line":19,"column":21}},"4":{"start":{"line":20,"column":2},"end":{"line":20,"column":25}},"5":{"start":{"line":23,"column":2},"end":{"line":23,"column":18}},"6":{"start":{"line":26,"column":2},"end":{"line":29,"column":63}},"7":{"start":{"line":27,"column":4},"end":{"line":27,"column":69}},"8":{"start":{"line":29,"column":7},"end":{"line":29,"column":63}},"9":{"start":{"line":34,"column":2},"end":{"line":36,"column":3}},"10":{"start":{"line":35,"column":4},"end":{"line":35,"column":21}},"11":{"start":{"line":40,"column":2},"end":{"line":42,"column":3}},"12":{"start":{"line":41,"column":4},"end":{"line":41,"column":27}},"13":{"start":{"line":46,"column":2},"end":{"line":46,"column":78}},"14":{"start":{"line":49,"column":2},"end":{"line":49,"column":22}},"15":{"start":{"line":50,"column":2},"end":{"line":57,"column":3}},"16":{"start":{"line":51,"column":4},"end":{"line":56,"column":5}},"17":{"start":{"line":52,"column":6},"end":{"line":52,"column":62}},"18":{"start":{"line":55,"column":6},"end":{"line":55,"column":27}},"19":{"start":{"line":62,"column":2},"end":{"line":86,"column":5}},"20":{"start":{"line":63,"column":4},"end":{"line":63,"column":74}},"21":{"start":{"line":68,"column":7},"end":{"line":86,"column":5}},"22":{"start":{"line":71,"column":4},"end":{"line":83,"column":5}},"23":{"start":{"line":75,"column":6},"end":{"line":81,"column":7}},"24":{"start":{"line":76,"column":8},"end":{"line":76,"column":124}},"25":{"start":{"line":80,"column":8},"end":{"line":80,"column":145}},"26":{"start":{"line":82,"column":6},"end":{"line":82,"column":29}},"27":{"start":{"line":85,"column":4},"end":{"line":85,"column":26}}},"branchMap":{"1":{"line":26,"type":"if","locations":[{"start":{"line":26,"column":2},"end":{"line":26,"column":2}},{"start":{"line":26,"column":2},"end":{"line":26,"column":2}}]},"2":{"line":34,"type":"if","locations":[{"start":{"line":34,"column":2},"end":{"line":34,"column":2}},{"start":{"line":34,"column":2},"end":{"line":34,"column":2}}]},"3":{"line":34,"type":"binary-expr","locations":[{"start":{"line":34,"column":6},"end":{"line":34,"column":47}},{"start":{"line":34,"column":51},"end":{"line":34,"column":91}}]},"4":{"line":40,"type":"if","locations":[{"start":{"line":40,"column":2},"end":{"line":40,"column":2}},{"start":{"line":40,"column":2},"end":{"line":40,"column":2}}]},"5":{"line":40,"type":"binary-expr","locations":[{"start":{"line":40,"column":6},"end":{"line":40,"column":19}},{"start":{"line":40,"column":23},"end":{"line":40,"column":57}}]},"6":{"line":46,"type":"cond-expr","locations":[{"start":{"line":46,"column":44},"end":{"line":46,"column":61}},{"start":{"line":46,"column":64},"end":{"line":46,"column":77}}]},"7":{"line":46,"type":"binary-expr","locations":[{"start":{"line":46,"column":64},"end":{"line":46,"column":71}},{"start":{"line":46,"column":75},"end":{"line":46,"column":77}}]},"8":{"line":50,"type":"if","locations":[{"start":{"line":50,"column":2},"end":{"line":50,"column":2}},{"start":{"line":50,"column":2},"end":{"line":50,"column":2}}]},"9":{"line":50,"type":"binary-expr","locations":[{"start":{"line":50,"column":6},"end":{"line":50,"column":34}},{"start":{"line":50,"column":38},"end":{"line":50,"column":65}}]},"10":{"line":62,"type":"if","locations":[{"start":{"line":62,"column":2},"end":{"line":62,"column":2}},{"start":{"line":62,"column":2},"end":{"line":62,"column":2}}]},"11":{"line":71,"type":"if","locations":[{"start":{"line":71,"column":4},"end":{"line":71,"column":4}},{"start":{"line":71,"column":4},"end":{"line":71,"column":4}}]},"12":{"line":75,"type":"if","locations":[{"start":{"line":75,"column":6},"end":{"line":75,"column":6}},{"start":{"line":75,"column":6},"end":{"line":75,"column":6}}]}}},"/home/lobo/dev/luislobo/sails-test-article/api/responses/notFound.js":{"path":"/home/lobo/dev/luislobo/sails-test-article/api/responses/notFound.js","s":{"1":1,"2":0,"3":0,"4":0,"5":0,"6":0,"7":0,"8":0,"9":0,"10":0,"11":0,"12":0,"13":0,"14":0,"15":0,"16":0,"17":0,"18":0,"19":0,"20":0,"21":0,"22":0,"23":0,"24":0,"25":0,"26":0,"27":0},"b":{"1":[0,0],"2":[0,0],"3":[0,0],"4":[0,0],"5":[0,0],"6":[0,0],"7":[0,0],"8":[0,0],"9":[0,0],"10":[0,0],"11":[0,0],"12":[0,0]},"f":{"1":0,"2":0},"fnMap":{"1":{"name":"notFound","line":20,"loc":{"start":{"line":20,"column":17},"end":{"line":20,"column":51}}},"2":{"name":"(anonymous_2)","line":73,"loc":{"start":{"line":73,"column":70},"end":{"line":73,"column":91}}}},"statementMap":{"1":{"start":{"line":20,"column":0},"end":{"line":93,"column":2}},"2":{"start":{"line":23,"column":2},"end":{"line":23,"column":21}},"3":{"start":{"line":24,"column":2},"end":{"line":24,"column":21}},"4":{"start":{"line":25,"column":2},"end":{"line":25,"column":25}},"5":{"start":{"line":28,"column":2},"end":{"line":28,"column":18}},"6":{"start":{"line":31,"column":2},"end":{"line":34,"column":63}},"7":{"start":{"line":32,"column":4},"end":{"line":32,"column":69}},"8":{"start":{"line":34,"column":7},"end":{"line":34,"column":63}},"9":{"start":{"line":39,"column":2},"end":{"line":41,"column":3}},"10":{"start":{"line":40,"column":4},"end":{"line":40,"column":21}},"11":{"start":{"line":45,"column":2},"end":{"line":47,"column":3}},"12":{"start":{"line":46,"column":4},"end":{"line":46,"column":27}},"13":{"start":{"line":51,"column":2},"end":{"line":51,"column":78}},"14":{"start":{"line":54,"column":2},"end":{"line":54,"column":22}},"15":{"start":{"line":55,"column":2},"end":{"line":62,"column":3}},"16":{"start":{"line":56,"column":4},"end":{"line":61,"column":5}},"17":{"start":{"line":57,"column":6},"end":{"line":57,"column":62}},"18":{"start":{"line":60,"column":6},"end":{"line":60,"column":27}},"19":{"start":{"line":67,"column":2},"end":{"line":91,"column":5}},"20":{"start":{"line":68,"column":4},"end":{"line":68,"column":74}},"21":{"start":{"line":73,"column":7},"end":{"line":91,"column":5}},"22":{"start":{"line":76,"column":4},"end":{"line":88,"column":5}},"23":{"start":{"line":80,"column":6},"end":{"line":86,"column":7}},"24":{"start":{"line":81,"column":8},"end":{"line":81,"column":123}},"25":{"start":{"line":85,"column":8},"end":{"line":85,"column":144}},"26":{"start":{"line":87,"column":6},"end":{"line":87,"column":29}},"27":{"start":{"line":90,"column":4},"end":{"line":90,"column":26}}},"branchMap":{"1":{"line":31,"type":"if","locations":[{"start":{"line":31,"column":2},"end":{"line":31,"column":2}},{"start":{"line":31,"column":2},"end":{"line":31,"column":2}}]},"2":{"line":39,"type":"if","locations":[{"start":{"line":39,"column":2},"end":{"line":39,"column":2}},{"start":{"line":39,"column":2},"end":{"line":39,"column":2}}]},"3":{"line":39,"type":"binary-expr","locations":[{"start":{"line":39,"column":6},"end":{"line":39,"column":47}},{"start":{"line":39,"column":51},"end":{"line":39,"column":91}}]},"4":{"line":45,"type":"if","locations":[{"start":{"line":45,"column":2},"end":{"line":45,"column":2}},{"start":{"line":45,"column":2},"end":{"line":45,"column":2}}]},"5":{"line":45,"type":"binary-expr","locations":[{"start":{"line":45,"column":6},"end":{"line":45,"column":19}},{"start":{"line":45,"column":23},"end":{"line":45,"column":57}}]},"6":{"line":51,"type":"cond-expr","locations":[{"start":{"line":51,"column":44},"end":{"line":51,"column":61}},{"start":{"line":51,"column":64},"end":{"line":51,"column":77}}]},"7":{"line":51,"type":"binary-expr","locations":[{"start":{"line":51,"column":64},"end":{"line":51,"column":71}},{"start":{"line":51,"column":75},"end":{"line":51,"column":77}}]},"8":{"line":55,"type":"if","locations":[{"start":{"line":55,"column":2},"end":{"line":55,"column":2}},{"start":{"line":55,"column":2},"end":{"line":55,"column":2}}]},"9":{"line":55,"type":"binary-expr","locations":[{"start":{"line":55,"column":6},"end":{"line":55,"column":34}},{"start":{"line":55,"column":38},"end":{"line":55,"column":65}}]},"10":{"line":67,"type":"if","locations":[{"start":{"line":67,"column":2},"end":{"line":67,"column":2}},{"start":{"line":67,"column":2},"end":{"line":67,"column":2}}]},"11":{"line":76,"type":"if","locations":[{"start":{"line":76,"column":4},"end":{"line":76,"column":4}},{"start":{"line":76,"column":4},"end":{"line":76,"column":4}}]},"12":{"line":80,"type":"if","locations":[{"start":{"line":80,"column":6},"end":{"line":80,"column":6}},{"start":{"line":80,"column":6},"end":{"line":80,"column":6}}]}}},"/home/lobo/dev/luislobo/sails-test-article/api/responses/ok.js":{"path":"/home/lobo/dev/luislobo/sails-test-article/api/responses/ok.js","s":{"1":1,"2":2,"3":2,"4":2,"5":2,"6":2,"7":2,"8":2,"9":0,"10":0,"11":0,"12":0,"13":0,"14":0,"15":0,"16":0,"17":0,"18":0},"b":{"1":[2,0],"2":[2,0],"3":[0,0],"4":[0,0],"5":[0,0],"6":[0,0],"7":[0,0]},"f":{"1":2,"2":0},"fnMap":{"1":{"name":"sendOK","line":14,"loc":{"start":{"line":14,"column":17},"end":{"line":14,"column":49}}},"2":{"name":"couldNotGuessView","line":56,"loc":{"start":{"line":56,"column":61},"end":{"line":56,"column":91}}}},"statementMap":{"1":{"start":{"line":14,"column":0},"end":{"line":60,"column":2}},"2":{"start":{"line":17,"column":2},"end":{"line":17,"column":21}},"3":{"start":{"line":18,"column":2},"end":{"line":18,"column":21}},"4":{"start":{"line":19,"column":2},"end":{"line":19,"column":25}},"5":{"start":{"line":21,"column":2},"end":{"line":21,"column":61}},"6":{"start":{"line":24,"column":2},"end":{"line":24,"column":18}},"7":{"start":{"line":28,"column":2},"end":{"line":30,"column":3}},"8":{"start":{"line":29,"column":4},"end":{"line":29,"column":27}},"9":{"start":{"line":34,"column":2},"end":{"line":34,"column":78}},"10":{"start":{"line":37,"column":2},"end":{"line":37,"column":22}},"11":{"start":{"line":38,"column":2},"end":{"line":45,"column":3}},"12":{"start":{"line":39,"column":4},"end":{"line":44,"column":5}},"13":{"start":{"line":40,"column":6},"end":{"line":40,"column":62}},"14":{"start":{"line":43,"column":6},"end":{"line":43,"column":27}},"15":{"start":{"line":50,"column":2},"end":{"line":58,"column":5}},"16":{"start":{"line":51,"column":4},"end":{"line":51,"column":67}},"17":{"start":{"line":56,"column":7},"end":{"line":58,"column":5}},"18":{"start":{"line":57,"column":4},"end":{"line":57,"column":27}}},"branchMap":{"1":{"line":28,"type":"if","locations":[{"start":{"line":28,"column":2},"end":{"line":28,"column":2}},{"start":{"line":28,"column":2},"end":{"line":28,"column":2}}]},"2":{"line":28,"type":"binary-expr","locations":[{"start":{"line":28,"column":6},"end":{"line":28,"column":19}},{"start":{"line":28,"column":23},"end":{"line":28,"column":57}}]},"3":{"line":34,"type":"cond-expr","locations":[{"start":{"line":34,"column":44},"end":{"line":34,"column":61}},{"start":{"line":34,"column":64},"end":{"line":34,"column":77}}]},"4":{"line":34,"type":"binary-expr","locations":[{"start":{"line":34,"column":64},"end":{"line":34,"column":71}},{"start":{"line":34,"column":75},"end":{"line":34,"column":77}}]},"5":{"line":38,"type":"if","locations":[{"start":{"line":38,"column":2},"end":{"line":38,"column":2}},{"start":{"line":38,"column":2},"end":{"line":38,"column":2}}]},"6":{"line":38,"type":"binary-expr","locations":[{"start":{"line":38,"column":6},"end":{"line":38,"column":34}},{"start":{"line":38,"column":38},"end":{"line":38,"column":65}}]},"7":{"line":50,"type":"if","locations":[{"start":{"line":50,"column":2},"end":{"line":50,"column":2}},{"start":{"line":50,"column":2},"end":{"line":50,"column":2}}]}}},"/home/lobo/dev/luislobo/sails-test-article/api/responses/serverError.js":{"path":"/home/lobo/dev/luislobo/sails-test-article/api/responses/serverError.js","s":{"1":1,"2":0,"3":0,"4":0,"5":0,"6":0,"7":0,"8":0,"9":0,"10":0,"11":0,"12":0,"13":0,"14":0,"15":0,"16":0,"17":0,"18":0,"19":0,"20":0,"21":0,"22":0,"23":0,"24":0,"25":0,"26":0,"27":0},"b":{"1":[0,0],"2":[0,0],"3":[0,0],"4":[0,0],"5":[0,0],"6":[0,0],"7":[0,0],"8":[0,0],"9":[0,0],"10":[0,0],"11":[0,0],"12":[0,0]},"f":{"1":0,"2":0},"fnMap":{"1":{"name":"serverError","line":15,"loc":{"start":{"line":15,"column":17},"end":{"line":15,"column":54}}},"2":{"name":"(anonymous_2)","line":68,"loc":{"start":{"line":68,"column":73},"end":{"line":68,"column":94}}}},"statementMap":{"1":{"start":{"line":15,"column":0},"end":{"line":88,"column":2}},"2":{"start":{"line":18,"column":2},"end":{"line":18,"column":21}},"3":{"start":{"line":19,"column":2},"end":{"line":19,"column":21}},"4":{"start":{"line":20,"column":2},"end":{"line":20,"column":25}},"5":{"start":{"line":23,"column":2},"end":{"line":23,"column":18}},"6":{"start":{"line":26,"column":2},"end":{"line":29,"column":70}},"7":{"start":{"line":27,"column":4},"end":{"line":27,"column":70}},"8":{"start":{"line":29,"column":7},"end":{"line":29,"column":70}},"9":{"start":{"line":34,"column":2},"end":{"line":36,"column":3}},"10":{"start":{"line":35,"column":4},"end":{"line":35,"column":21}},"11":{"start":{"line":40,"column":2},"end":{"line":42,"column":3}},"12":{"start":{"line":41,"column":4},"end":{"line":41,"column":27}},"13":{"start":{"line":46,"column":2},"end":{"line":46,"column":78}},"14":{"start":{"line":49,"column":2},"end":{"line":49,"column":22}},"15":{"start":{"line":50,"column":2},"end":{"line":57,"column":3}},"16":{"start":{"line":51,"column":4},"end":{"line":56,"column":5}},"17":{"start":{"line":52,"column":6},"end":{"line":52,"column":62}},"18":{"start":{"line":55,"column":6},"end":{"line":55,"column":27}},"19":{"start":{"line":62,"column":2},"end":{"line":86,"column":5}},"20":{"start":{"line":63,"column":4},"end":{"line":63,"column":77}},"21":{"start":{"line":68,"column":7},"end":{"line":86,"column":5}},"22":{"start":{"line":71,"column":4},"end":{"line":83,"column":5}},"23":{"start":{"line":75,"column":6},"end":{"line":81,"column":7}},"24":{"start":{"line":76,"column":8},"end":{"line":76,"column":126}},"25":{"start":{"line":80,"column":8},"end":{"line":80,"column":147}},"26":{"start":{"line":82,"column":6},"end":{"line":82,"column":29}},"27":{"start":{"line":85,"column":4},"end":{"line":85,"column":26}}},"branchMap":{"1":{"line":26,"type":"if","locations":[{"start":{"line":26,"column":2},"end":{"line":26,"column":2}},{"start":{"line":26,"column":2},"end":{"line":26,"column":2}}]},"2":{"line":34,"type":"if","locations":[{"start":{"line":34,"column":2},"end":{"line":34,"column":2}},{"start":{"line":34,"column":2},"end":{"line":34,"column":2}}]},"3":{"line":34,"type":"binary-expr","locations":[{"start":{"line":34,"column":6},"end":{"line":34,"column":47}},{"start":{"line":34,"column":51},"end":{"line":34,"column":91}}]},"4":{"line":40,"type":"if","locations":[{"start":{"line":40,"column":2},"end":{"line":40,"column":2}},{"start":{"line":40,"column":2},"end":{"line":40,"column":2}}]},"5":{"line":40,"type":"binary-expr","locations":[{"start":{"line":40,"column":6},"end":{"line":40,"column":19}},{"start":{"line":40,"column":23},"end":{"line":40,"column":57}}]},"6":{"line":46,"type":"cond-expr","locations":[{"start":{"line":46,"column":44},"end":{"line":46,"column":61}},{"start":{"line":46,"column":64},"end":{"line":46,"column":77}}]},"7":{"line":46,"type":"binary-expr","locations":[{"start":{"line":46,"column":64},"end":{"line":46,"column":71}},{"start":{"line":46,"column":75},"end":{"line":46,"column":77}}]},"8":{"line":50,"type":"if","locations":[{"start":{"line":50,"column":2},"end":{"line":50,"column":2}},{"start":{"line":50,"column":2},"end":{"line":50,"column":2}}]},"9":{"line":50,"type":"binary-expr","locations":[{"start":{"line":50,"column":6},"end":{"line":50,"column":34}},{"start":{"line":50,"column":38},"end":{"line":50,"column":65}}]},"10":{"line":62,"type":"if","locations":[{"start":{"line":62,"column":2},"end":{"line":62,"column":2}},{"start":{"line":62,"column":2},"end":{"line":62,"column":2}}]},"11":{"line":71,"type":"if","locations":[{"start":{"line":71,"column":4},"end":{"line":71,"column":4}},{"start":{"line":71,"column":4},"end":{"line":71,"column":4}}]},"12":{"line":75,"type":"if","locations":[{"start":{"line":75,"column":6},"end":{"line":75,"column":6}},{"start":{"line":75,"column":6},"end":{"line":75,"column":6}}]}}},"/home/lobo/dev/luislobo/sails-test-article/api/services/PostService.js":{"path":"/home/lobo/dev/luislobo/sails-test-article/api/services/PostService.js","s":{"1":1,"2":2},"b":{},"f":{"1":2},"fnMap":{"1":{"name":"(anonymous_1)","line":8,"loc":{"start":{"line":8,"column":24},"end":{"line":8,"column":36}}}},"statementMap":{"1":{"start":{"line":7,"column":0},"end":{"line":13,"column":2}},"2":{"start":{"line":9,"column":4},"end":{"line":11,"column":28}}},"branchMap":{}},"/home/lobo/dev/luislobo/sails-test-article/api/models/Comment.js":{"path":"/home/lobo/dev/luislobo/sails-test-article/api/models/Comment.js","s":{"1":1},"b":{},"f":{},"fnMap":{},"statementMap":{"1":{"start":{"line":5,"column":0},"end":{"line":10,"column":2}}},"branchMap":{}},"/home/lobo/dev/luislobo/sails-test-article/api/models/Post.js":{"path":"/home/lobo/dev/luislobo/sails-test-article/api/models/Post.js","s":{"1":1},"b":{},"f":{},"fnMap":{},"statementMap":{"1":{"start":{"line":5,"column":0},"end":{"line":12,"column":2}}},"branchMap":{}},"/home/lobo/dev/luislobo/sails-test-article/api/controllers/PostController.js":{"path":"/home/lobo/dev/luislobo/sails-test-article/api/controllers/PostController.js","s":{"1":1,"2":1,"3":1},"b":{},"f":{"1":1,"2":1},"fnMap":{"1":{"name":"(anonymous_1)","line":6,"loc":{"start":{"line":6,"column":24},"end":{"line":6,"column":44}}},"2":{"name":"(anonymous_2)","line":8,"loc":{"start":{"line":8,"column":12},"end":{"line":8,"column":29}}}},"statementMap":{"1":{"start":{"line":5,"column":0},"end":{"line":13,"column":2}},"2":{"start":{"line":7,"column":4},"end":{"line":11,"column":28}},"3":{"start":{"line":9,"column":8},"end":{"line":9,"column":22}}},"branchMap":{}},"/home/lobo/dev/luislobo/sails-test-article/api/policies/sessionAuth.js":{"path":"/home/lobo/dev/luislobo/sails-test-article/api/policies/sessionAuth.js","s":{"1":1,"2":0,"3":0,"4":0},"b":{"1":[0,0]},"f":{"1":0},"fnMap":{"1":{"name":"(anonymous_1)","line":10,"loc":{"start":{"line":10,"column":17},"end":{"line":10,"column":42}}}},"statementMap":{"1":{"start":{"line":10,"column":0},"end":{"line":21,"column":2}},"2":{"start":{"line":14,"column":2},"end":{"line":16,"column":3}},"3":{"start":{"line":15,"column":4},"end":{"line":15,"column":18}},"4":{"start":{"line":20,"column":2},"end":{"line":20,"column":72}}},"branchMap":{"1":{"line":14,"type":"if","locations":[{"start":{"line":14,"column":2},"end":{"line":14,"column":2}},{"start":{"line":14,"column":2},"end":{"line":14,"column":2}}]}}}}