TN:
SF:/home/lobo/dev/luislobo/sails-test-article/config/blueprints.js
FNF:0
FNH:0
DA:26,1
LF:1
LH:1
BRF:0
BRH:0
end_of_record
TN:
SF:/home/lobo/dev/luislobo/sails-test-article/config/bootstrap.js
FN:12,(anonymous_1)
FNF:1
FNH:1
FNDA:1,(anonymous_1)
DA:12,1
DA:16,1
LF:2
LH:2
BRF:0
BRH:0
end_of_record
TN:
SF:/home/lobo/dev/luislobo/sails-test-article/config/connections.js
FNF:0
FNH:0
DA:22,1
LF:1
LH:1
BRF:0
BRH:0
end_of_record
TN:
SF:/home/lobo/dev/luislobo/sails-test-article/config/cors.js
FNF:0
FNH:0
DA:29,1
LF:1
LH:1
BRF:0
BRH:0
end_of_record
TN:
SF:/home/lobo/dev/luislobo/sails-test-article/config/csrf.js
FNF:0
FNH:0
LF:0
LH:0
BRF:0
BRH:0
end_of_record
TN:
SF:/home/lobo/dev/luislobo/sails-test-article/config/globals.js
FNF:0
FNH:0
DA:11,1
LF:1
LH:1
BRF:0
BRH:0
end_of_record
TN:
SF:/home/lobo/dev/luislobo/sails-test-article/config/http.js
FNF:0
FNH:0
DA:12,1
LF:1
LH:1
BRF:0
BRH:0
end_of_record
TN:
SF:/home/lobo/dev/luislobo/sails-test-article/config/i18n.js
FNF:0
FNH:0
DA:18,1
LF:1
LH:1
BRF:0
BRH:0
end_of_record
TN:
SF:/home/lobo/dev/luislobo/sails-test-article/config/local.js
FNF:0
FNH:0
DA:30,2
LF:1
LH:1
BRF:0
BRH:0
end_of_record
TN:
SF:/home/lobo/dev/luislobo/sails-test-article/config/log.js
FNF:0
FNH:0
DA:13,1
LF:1
LH:1
BRF:0
BRH:0
end_of_record
TN:
SF:/home/lobo/dev/luislobo/sails-test-article/config/models.js
FNF:0
FNH:0
DA:12,1
LF:1
LH:1
BRF:0
BRH:0
end_of_record
TN:
SF:/home/lobo/dev/luislobo/sails-test-article/config/policies.js
FNF:0
FNH:0
DA:20,1
LF:1
LH:1
BRF:0
BRH:0
end_of_record
TN:
SF:/home/lobo/dev/luislobo/sails-test-article/config/routes.js
FNF:0
FNH:0
DA:23,1
LF:1
LH:1
BRF:0
BRH:0
end_of_record
TN:
SF:/home/lobo/dev/luislobo/sails-test-article/config/session.js
FNF:0
FNH:0
DA:15,1
LF:1
LH:1
BRF:0
BRH:0
end_of_record
TN:
SF:/home/lobo/dev/luislobo/sails-test-article/config/sockets.js
FNF:0
FNH:0
DA:13,1
LF:1
LH:1
BRF:0
BRH:0
end_of_record
TN:
SF:/home/lobo/dev/luislobo/sails-test-article/config/views.js
FNF:0
FNH:0
DA:14,1
LF:1
LH:1
BRF:0
BRH:0
end_of_record
TN:
SF:/home/lobo/dev/luislobo/sails-test-article/config/env/development.js
FNF:0
FNH:0
DA:13,1
LF:1
LH:1
BRF:0
BRH:0
end_of_record
TN:
SF:/home/lobo/dev/luislobo/sails-test-article/api/services/PostService.js
FN:8,(anonymous_1)
FNF:1
FNH:1
FNDA:2,(anonymous_1)
DA:7,1
DA:9,2
LF:2
LH:2
BRF:0
BRH:0
end_of_record
TN:
SF:/home/lobo/dev/luislobo/sails-test-article/api/models/Comment.js
FNF:0
FNH:0
DA:5,1
LF:1
LH:1
BRF:0
BRH:0
end_of_record
TN:
SF:/home/lobo/dev/luislobo/sails-test-article/api/models/Post.js
FNF:0
FNH:0
DA:5,1
LF:1
LH:1
BRF:0
BRH:0
end_of_record
TN:
SF:/home/lobo/dev/luislobo/sails-test-article/api/controllers/PostController.js
FN:6,(anonymous_1)
FN:8,(anonymous_2)
FNF:2
FNH:2
FNDA:1,(anonymous_1)
FNDA:1,(anonymous_2)
DA:5,1
DA:7,1
DA:9,1
LF:3
LH:3
BRF:0
BRH:0
end_of_record
